resources---- free cores:  432 free gpus:  27
/pscratch/sd/r/rym/EnsembleFFFit/ForceFields/run_directory/reaxff_run_1/angular
resources---- free cores:  432 free gpus:  27
/pscratch/sd/r/rym/EnsembleFFFit/ForceFields/run_directory/reaxff_run_1/angular_twobody
resources---- free cores:  432 free gpus:  27
/pscratch/sd/r/rym/EnsembleFFFit/ForceFields/run_directory/reaxff_run_3/angular
resources---- free cores:  336 free gpus:  21
/pscratch/sd/r/rym/EnsembleFFFit/ForceFields/run_directory/reaxff_run_3/angular_twobody
resources---- free cores:  288 free gpus:  18
/pscratch/sd/r/rym/EnsembleFFFit/ForceFields/run_directory/reaxff_run_2/angular
resources---- free cores:  240 free gpus:  15
/pscratch/sd/r/rym/EnsembleFFFit/ForceFields/run_directory/reaxff_run_2/angular_twobody
resources---- free cores:  192 free gpus:  12
/pscratch/sd/r/rym/EnsembleFFFit/ForceFields/run_directory/reaxff_run_0/angular
resources---- free cores:  144 free gpus:  9
/pscratch/sd/r/rym/EnsembleFFFit/ForceFields/run_directory/reaxff_run_0/angular_twobody
resources---- free cores:  96 free gpus:  6
Task 3 result: 0
matensemble.matfluxGen 2025-08-03T08:44:40Z INFO matfluxGen.py 314 1163733 ======COMPLETED JOBS=======RUNNING JOBS======PENDING JOBS
matensemble.matfluxGen 2025-08-03T08:44:40Z INFO matfluxGen.py 315 1163733 ======1============7============0
Task 2 result: 0
matensemble.matfluxGen 2025-08-03T08:44:48Z INFO matfluxGen.py 314 1163733 ======COMPLETED JOBS=======RUNNING JOBS======PENDING JOBS
matensemble.matfluxGen 2025-08-03T08:44:48Z INFO matfluxGen.py 315 1163733 ======2============6============0
Task 1 result: 0
matensemble.matfluxGen 2025-08-03T08:44:56Z INFO matfluxGen.py 314 1163733 ======COMPLETED JOBS=======RUNNING JOBS======PENDING JOBS
matensemble.matfluxGen 2025-08-03T08:44:56Z INFO matfluxGen.py 315 1163733 ======3============5============0
Task 7 result: 0
matensemble.matfluxGen 2025-08-03T08:44:58Z INFO matfluxGen.py 314 1163733 ======COMPLETED JOBS=======RUNNING JOBS======PENDING JOBS
matensemble.matfluxGen 2025-08-03T08:44:58Z INFO matfluxGen.py 315 1163733 ======4============4============0
Task 0 result: 0
matensemble.matfluxGen 2025-08-03T08:44:59Z INFO matfluxGen.py 314 1163733 ======COMPLETED JOBS=======RUNNING JOBS======PENDING JOBS
matensemble.matfluxGen 2025-08-03T08:44:59Z INFO matfluxGen.py 315 1163733 ======5============3============0
Task 4 result: 0
matensemble.matfluxGen 2025-08-03T08:45:00Z INFO matfluxGen.py 314 1163733 ======COMPLETED JOBS=======RUNNING JOBS======PENDING JOBS
matensemble.matfluxGen 2025-08-03T08:45:00Z INFO matfluxGen.py 315 1163733 ======6============2============0
Task 5 result: 0
matensemble.matfluxGen 2025-08-03T08:45:00Z INFO matfluxGen.py 314 1163733 ======COMPLETED JOBS=======RUNNING JOBS======PENDING JOBS
matensemble.matfluxGen 2025-08-03T08:45:00Z INFO matfluxGen.py 315 1163733 ======7============1============0
Task 6 result: 0
matensemble.matfluxGen 2025-08-03T08:45:03Z INFO matfluxGen.py 314 1163733 ======COMPLETED JOBS=======RUNNING JOBS======PENDING JOBS
matensemble.matfluxGen 2025-08-03T08:45:03Z INFO matfluxGen.py 315 1163733 ======8============0============0
matensemble.matfluxGen 2025-08-03T08:45:03Z INFO matfluxGen.py 194 1163733 =============EXITING WORKFLOW ENVIRONMENT====================
