flux-broker: broker module 'content' was not properly shut down
flux-broker: broker module 'content' was not properly shut down
flux-broker: broker module 'content' was not properly shut down
flux-broker: broker module 'content' was not properly shut down
flux-broker: broker module 'content' was not properly shut down
flux-broker: broker module 'content' was not properly shut down
flux-broker: broker module 'content' was not properly shut down
flux-broker: broker module 'content' was not properly shut down
srun: error: nid002257: task 22: Exited with exit code 129
srun: Terminating StepId=41351671.0
srun: error: nid001721: task 18: Exited with exit code 129
srun: error: nid001717: task 11: Exited with exit code 1
slurmstepd: error: *** STEP 41351671.0 ON nid001305 CANCELLED AT 2025-08-03T15:45:20 ***
Aug 03 08:45:20.236539 PDT 2025 broker.err[0]: rc3.0: /global/cfs/cdirs/m526/sbagchi/spack/opt/spack/linux-zen3/flux-core-0.73.0-43yt7hi2dasigdd3kvj64nj4lcsd2qa7/etc/flux/rc3 Hangup (rc=129) 2.5s
flux-broker: broker module 'job-exec' was not properly shut down
flux-broker: broker module 'resource' was not properly shut down
flux-broker: broker module 'kvs' was not properly shut down
flux-broker: broker module 'kvs-watch' was not properly shut down
flux-broker: broker module 'sched-fluxion-resource' was not properly shut down
flux-broker: broker module 'cron' was not properly shut down
flux-broker: broker module 'job-info' was not properly shut down
flux-broker: broker module 'job-ingest' was not properly shut down
flux-broker: broker module 'content-sqlite' was not properly shut down
flux-broker: broker module 'barrier' was not properly shut down
flux-broker: broker module 'job-list' was not properly shut down
flux-broker: broker module 'heartbeat' was not properly shut down
flux-broker: broker module 'job-manager' was not properly shut down
flux-broker: broker module 'content' was not properly shut down
FATAL: exception not rethrown
srun: error: nid001716: tasks 5-7: Exited with exit code 129
srun: error: nid001721: tasks 17,19: Exited with exit code 129
srun: error: nid001717: tasks 9-10: Exited with exit code 129
srun: error: nid001305: task 0: Aborted
